{"level":"\u001b[32minfo\u001b[39m","message":"Server running on port 9200","timestamp":"2025-02-19T20:39:07.682Z"}
{"level":"\u001b[32minfo\u001b[39m","message":"Server running on port 9200","timestamp":"2025-02-19T20:40:23.054Z"}
{"level":"\u001b[32minfo\u001b[39m","message":"Server running on port 9200","timestamp":"2025-02-19T20:42:25.002Z"}
{"level":"\u001b[32minfo\u001b[39m","message":"Server running on port 9200","timestamp":"2025-02-19T20:43:23.399Z"}
{"level":"\u001b[32minfo\u001b[39m","message":"{\"method\":\"GET\",\"url\":\"/api/v1/upload/health\",\"status\":\"200\",\"responseTime\":\"9.605\"}","timestamp":"2025-02-19T20:44:02.274Z"}
{"level":"\u001b[32minfo\u001b[39m","message":"Server running on port 9200","timestamp":"2025-02-19T20:44:23.773Z"}
{"level":"\u001b[32minfo\u001b[39m","message":"Server running on port 9200","timestamp":"2025-02-19T20:44:26.385Z"}
{"level":"\u001b[32minfo\u001b[39m","message":"Server running on port 9200","timestamp":"2025-02-19T20:44:40.415Z"}
{"level":"\u001b[32minfo\u001b[39m","message":"{\"method\":\"GET\",\"url\":\"/api/v1/upload/health\",\"status\":\"304\",\"responseTime\":\"42.701\"}","timestamp":"2025-02-19T20:44:44.117Z"}
{"level":"\u001b[32minfo\u001b[39m","message":"Server running on port 9200","timestamp":"2025-02-19T20:45:03.976Z"}
{"greeting":"Hi there!, upload-service api route is healthy","level":"\u001b[32minfo\u001b[39m","message":"Health check","timestamp":"2025-02-19T20:45:08.701Z"}
{"level":"\u001b[32minfo\u001b[39m","message":"{\"method\":\"GET\",\"url\":\"/api/v1/upload/health\",\"status\":\"304\",\"responseTime\":\"10.559\"}","timestamp":"2025-02-19T20:45:08.708Z"}
{"level":"\u001b[32minfo\u001b[39m","message":"Server running on port 9200","timestamp":"2025-02-19T20:45:19.486Z"}
{"level":"\u001b[32minfo\u001b[39m","message":"Server running on port 9200","timestamp":"2025-02-19T20:53:13.168Z"}
{"level":"\u001b[32minfo\u001b[39m","message":"Initializing upload...","timestamp":"2025-02-19T20:53:39.500Z"}
{"$metadata":{"attempts":1,"extendedRequestId":"Z9LYRtHC5JTvAtrJfAqLumxQIHyD/yuMHfwzUwcGJvxfzYk+aTxvXECkiH6AVtOd2PdqHHgwu6E0KoVvkkqPUohJ08Magvpy","httpStatusCode":200,"requestId":"PZVVG4CS2GDGZXHY","totalRetryDelay":0},"Bucket":"edxtream-prod-storage","Key":"video/bf629acd5163983b38909414c23b3d17.mp4","ServerSideEncryption":"AES256","UploadId":"s_W01iiLa4hPN3nwUygpk4zzXqWJtU7cpwlVAQXvBorrxx4ClNe9.gdnpG3LKXDF6T7W6Mcky.XcBe_UCiuCg3.gpXRqyLm_zkWps9FkZ8fPKyhUjRDqfo.uklBV0dH3","level":"\u001b[32minfo\u001b[39m","message":"Upload initialized ------------------","timestamp":"2025-02-19T20:53:39.777Z"}
{"level":"\u001b[32minfo\u001b[39m","message":"{\"method\":\"POST\",\"url\":\"/api/v1/upload/v/initialize\",\"status\":\"200\",\"responseTime\":\"302.306\"}","timestamp":"2025-02-19T20:53:39.783Z"}
{"level":"\u001b[32minfo\u001b[39m","message":"Uploading chunk...","timestamp":"2025-02-19T20:53:39.817Z"}
{"$metadata":{"attempts":1,"extendedRequestId":"eVco9a3/zHGamy2rbWA0ijaa3AZ3ZfmM8CfISDXY9Nbxrs2JzbgMCRB0yclk4fJjf8ih7tWLoDQzjpeYqXLxrXGp/eH0CkG7","httpStatusCode":200,"requestId":"PZVZ8QGB2N74QE67","totalRetryDelay":0},"ChecksumCRC32":"nrHNzA==","ETag":"\"5972dad07c805d347913785f444f3714\"","ServerSideEncryption":"AES256","level":"\u001b[32minfo\u001b[39m","message":"Chunk uploaded --------------------","timestamp":"2025-02-19T20:53:39.949Z"}
{"level":"\u001b[32minfo\u001b[39m","message":"{\"method\":\"POST\",\"url\":\"/api/v1/upload/v/chunk\",\"status\":\"200\",\"responseTime\":\"143.777\"}","timestamp":"2025-02-19T20:53:39.951Z"}
{"level":"\u001b[32minfo\u001b[39m","message":"Completing upload...","timestamp":"2025-02-19T20:53:39.985Z"}
{"level":"\u001b[32minfo\u001b[39m","message":"Upload completed ------------------","timestamp":"2025-02-19T20:53:40.169Z"}
{"level":"\u001b[32minfo\u001b[39m","message":"{\"method\":\"POST\",\"url\":\"/api/v1/upload/v/complete\",\"status\":\"200\",\"responseTime\":\"188.655\"}","timestamp":"2025-02-19T20:53:40.171Z"}
{"level":"\u001b[32minfo\u001b[39m","message":"Server running on port 9200","timestamp":"2025-02-19T20:55:13.225Z"}
{"arr":[1,2,3],"buffer":{"data":[116,101,115,116],"type":"Buffer"},"level":"\u001b[33mwarn\u001b[39m","message":"Debug data","obj":{"foo":"bar"},"timestamp":"2025-02-19T20:55:28.627Z"}
{"level":"\u001b[32minfo\u001b[39m","message":"{\"method\":\"GET\",\"url\":\"/api/v1/upload/health\",\"status\":\"304\",\"responseTime\":\"11.759\"}","timestamp":"2025-02-19T20:55:28.635Z"}
{"level":"\u001b[32minfo\u001b[39m","message":"Server running on port 9200","timestamp":"2025-02-19T20:55:40.962Z"}
{"level":"\u001b[32minfo\u001b[39m","message":"{\"method\":\"GET\",\"url\":\"/api/v1/upload/health\",\"status\":\"304\",\"responseTime\":\"11.159\"}","timestamp":"2025-02-19T20:55:46.174Z"}
{"level":"\u001b[32minfo\u001b[39m","message":"{\"method\":\"GET\",\"url\":\"/api/v1/upload/health\",\"status\":\"304\",\"responseTime\":\"2.386\"}","timestamp":"2025-02-19T20:55:52.662Z"}
{"level":"\u001b[32minfo\u001b[39m","message":"Server running on port 9200","timestamp":"2025-02-19T20:56:09.750Z"}
{"arr":[1,2,3],"buffer":{"data":[116,101,115,116],"type":"Buffer"},"level":"\u001b[31merror\u001b[39m","message":"Debug data","obj":{"foo":"bar"},"timestamp":"2025-02-19T20:56:12.331Z"}
{"level":"\u001b[32minfo\u001b[39m","message":"{\"method\":\"GET\",\"url\":\"/api/v1/upload/health\",\"status\":\"304\",\"responseTime\":\"12.731\"}","timestamp":"2025-02-19T20:56:12.340Z"}
{"level":"\u001b[32minfo\u001b[39m","message":"Server running on port 9200","timestamp":"2025-02-19T20:58:26.904Z"}
{"arr":[1,2,3],"buffer":{"data":[116,101,115,116],"type":"Buffer"},"level":"\u001b[31merror\u001b[39m","message":"Debug data","obj":{"foo":"bar"},"timestamp":"2025-02-19T20:58:41.006Z"}
{"level":"\u001b[32minfo\u001b[39m","message":"{\"method\":\"GET\",\"url\":\"/api/v1/upload/health\",\"status\":\"304\",\"responseTime\":\"7.538\"}","timestamp":"2025-02-19T20:58:41.011Z"}
{"level":"\u001b[32minfo\u001b[39m","message":"Server running on port 9200","timestamp":"2025-02-19T21:00:13.942Z"}
{"level":"\u001b[32minfo\u001b[39m","message":"Server running on port 9200","timestamp":"2025-02-19T21:00:24.032Z"}
{"arr":[1,2,3],"buffer":{"data":[116,101,115,116],"type":"Buffer"},"level":"\u001b[31merror\u001b[39m","message":"Debug data","obj":{"foo":"bar"},"timestamp":"2025-02-19T21:00:34.840Z"}
{"level":"\u001b[32minfo\u001b[39m","message":"{\"method\":\"GET\",\"url\":\"/api/v1/upload/health\",\"status\":\"304\",\"responseTime\":\"10.180\"}","timestamp":"2025-02-19T21:00:34.847Z"}
{"level":"\u001b[32minfo\u001b[39m","message":"Server running on port 9200","timestamp":"2025-02-19T21:00:55.652Z"}
{"level":"\u001b[32minfo\u001b[39m","message":"{\"method\":\"GET\",\"url\":\"/api/v1/upload/health\",\"status\":\"304\",\"responseTime\":\"9.021\"}","timestamp":"2025-02-19T21:01:04.663Z"}
{"level":"\u001b[32minfo\u001b[39m","message":"Server running on port 9200","timestamp":"2025-02-19T21:02:29.384Z"}
{"arr":[1,2,3],"buffer":{"data":[116,101,115,116],"type":"Buffer"},"level":"\u001b[34mdebug\u001b[39m","message":"Debug data","obj":{"foo":"bar"},"timestamp":"2025-02-19T21:04:21.943Z"}
{"level":"\u001b[32minfo\u001b[39m","message":"{\"method\":\"GET\",\"url\":\"/api/v1/upload/health\",\"status\":\"304\",\"responseTime\":\"13.182\"}","timestamp":"2025-02-19T21:04:21.952Z"}
{"level":"\u001b[32minfo\u001b[39m","message":"Server running on port 9200","timestamp":"2025-02-19T21:05:32.379Z"}
{"arr":[1,2,3],"buffer":{"data":[116,101,115,116],"type":"Buffer"},"level":"\u001b[34mdebug\u001b[39m","message":"Debug data","obj":{"foo":"bar"},"timestamp":"2025-02-19T21:05:35.641Z"}
{"level":"\u001b[32mhttp\u001b[39m","message":"{\"method\":\"GET\",\"url\":\"/api/v1/upload/health\",\"status\":\"304\",\"responseTime\":\"11.174\"}","timestamp":"2025-02-19T21:05:35.648Z"}
